test0
00000000 0 0x00005FD9C
01000000 0 0x00005FD9D

test1
000000 0 0x000040400
001000 0 0x000080849
002000 0 0x0000C0C92
003000 0 0x0001010DB
004000 0 0x000141524
005000 0 0x00018196D
006000 0 0x0001C1DB6
007000 0 0x0002021FF
008000 0 0x000242607
009000 0 0x000282A4E
010000 0 0x0002C2E95
011000 0 0x0003032DC
012000 0 0x000343723
013000 0 0x000383B6A
014000 0 0x0003C3FB1
015000 0 0x0004043F8
016000 0 0x000044007
017000 0 0x000083C46
018000 0 0x0000C3885
019000 0 0x0001034C4
020000 0 0x000143103
021000 0 0x000182D42
022000 0 0x0001C2981
023000 0 0x0002025C0
024000 0 0x000242200
025000 0 0x000281E41
026000 0 0x0002C1A82
027000 0 0x0003016C3
028000 0 0x000341304
029000 0 0x000380F45
030000 0 0x0003C0B86
031000 0 0x0004007C7
032000 0 0x000004007
033000 0 0x000043C46
034000 0 0x000083885
035000 0 0x0000C34C4
036000 0 0x000103103
037000 0 0x000142D42
038000 0 0x000182981
039000 0 0x0001C25C0
040000 0 0x000202200
041000 0 0x000241E41
042000 0 0x000281A82
043000 0 0x0002C16C3
044000 0 0x000301304
045000 0 0x000340F45
046000 0 0x000380B86
047000 0 0x0003C07C7





test2
000000 2 0x000040400
001000 2 0x000080849
002000 2 0x0000C0C92
003000 2 0x0001010DB
004000 2 0x000141524
005000 2 0x00018196D
006000 2 0x0001C1DB6
007000 2 0x0002021FF
008000 2 0x000242607
009000 2 0x000282A4E
010000 2 0x0002C2E95
011000 2 0x0003032DC
012000 2 0x000343723
013000 2 0x000383B6A
014000 2 0x0003C3FB1
015000 2 0x0004043F8
016000 2 0x000044007
017000 2 0x000083C46
018000 2 0x0000C3885
019000 2 0x0001034C4
020000 2 0x000143103
021000 2 0x000182D42
022000 2 0x0001C2981
023000 2 0x0002025C0
024000 2 0x000242200
025000 2 0x000281E41
026000 2 0x0002C1A82
027000 2 0x0003016C3
028000 2 0x000341304
029000 2 0x000380F45
030000 2 0x0003C0B86
031000 2 0x0004007C7
032000 2 0x000004007
033000 2 0x000043C46
034000 2 0x000083885
035000 2 0x0000C34C4
036000 2 0x000103103
037000 2 0x000142D42
038000 2 0x000182981
039000 2 0x0001C25C0
040000 2 0x000202200
041000 2 0x000241E41
042000 2 0x000281A82
043000 2 0x0002C16C3
044000 2 0x000301304
045000 2 0x000340F45
046000 2 0x000380B86
047000 2 0x0003C07C7






test3
000000 1 0x000040400
001000 1 0x000080849
002000 1 0x0000C0C92
003000 1 0x0001010DB
004000 1 0x000141524
005000 1 0x00018196D
006000 1 0x0001C1DB6
007000 1 0x0002021FF
008000 1 0x000242607
009000 1 0x000282A4E
010000 1 0x0002C2E95
011000 1 0x0003032DC
012000 1 0x000343723
013000 1 0x000383B6A
014000 1 0x0003C3FB1
015000 1 0x0004043F8
016000 1 0x000044007
017000 1 0x000083C46
018000 1 0x0000C3885
019000 1 0x0001034C4
020000 1 0x000143103
021000 1 0x000182D42
022000 1 0x0001C2981
023000 1 0x0002025C0
024000 1 0x000242200
025000 1 0x000281E41
026000 1 0x0002C1A82
027000 1 0x0003016C3
028000 1 0x000341304
029000 1 0x000380F45
030000 1 0x0003C0B86
031000 1 0x0004007C7
032000 1 0x000004007
033000 1 0x000043C46
034000 1 0x000083885
035000 1 0x0000C34C4
036000 1 0x000103103
037000 1 0x000142D42
038000 1 0x000182981
039000 1 0x0001C25C0
040000 1 0x000202200
041000 1 0x000241E41
042000 1 0x000281A82
043000 1 0x0002C16C3
044000 1 0x000301304
045000 1 0x000340F45
046000 1 0x000380B86
047000 1 0x0003C07C7







test4
000000 0 0x000000000
000001 0 0x000000008
000002 0 0x000000108
000003 0 0x000000010

001000 0 0x000040000
001001 0 0x000040040
001002 0 0x000040040

002000 1 0x000000000
002001 1 0x000000008
002002 1 0x000000108
002003 1 0x000000010

002004 1 0x000040000
002005 1 0x000040040
002006 1 0x000040040

003000 0 0x000040CC0
003001 1 0x000040DC0
003002 0 0x000040EC0
003003 1 0x000040E80
003004 0 0x000040D80





test5
000000 0 0x000000000
000001 0 0x00004000F
000002 0 0x000040000
000003 0 0x00000000F


test6
000000 0 0x000000000
000001 1 0x000040000
000002 0 0x000040000


test7
000000 0 0x000000000
000001 1 0x000000500
000002 0 0x000000500


test8
000000 0 0x000000000
000001 0 0x000000100
000002 1 0x000000008


test9
000000 0 0x000000000
000001 1 0x000000100
000002 0 0x000000408


test10
000000 0 0x000000000
000001 0 0x000000100
000002 0 0x000000008
000003 0 0x000000010
000004 0 0x000000018
000005 0 0x000000020
000006 0 0x000000028
000007 0 0x000000030
000008 0 0x000000038
000009 0 0x000000040
000010 0 0x000000048
000011 0 0x000000050
000012 0 0x000000058
000013 0 0x000000060
000014 0 0x000000068
000015 0 0x000000070
000016 0 0x000000078
000017 0 0x000000080


test11
000000 0 0x000000000
000001 0 0x000000048